[debug] [2025-12-05T00:11:45.991Z] ----------------------------------------------------------------------
[debug] [2025-12-05T00:11:45.994Z] Command:       C:\Program Files\nodejs\node.exe C:\Users\Luiz\AppData\Roaming\npm\node_modules\firebase-tools\lib\bin\firebase.js init hosting
[debug] [2025-12-05T00:11:45.994Z] CLI Version:   14.27.0
[debug] [2025-12-05T00:11:45.994Z] Platform:      win32
[debug] [2025-12-05T00:11:45.994Z] Node Version:  v22.16.0
[debug] [2025-12-05T00:11:45.995Z] Time:          Thu Dec 04 2025 21:11:45 GMT-0300 (Horário Padrão de Brasília)
[debug] [2025-12-05T00:11:45.995Z] ----------------------------------------------------------------------
[debug] 
[info] 
     ######## #### ########  ######## ########     ###     ######  ########
     ##        ##  ##     ## ##       ##     ##  ##   ##  ##       ##
     ######    ##  ########  ######   ########  #########  ######  ######
     ##        ##  ##    ##  ##       ##     ## ##     ##       ## ##
     ##       #### ##     ## ######## ########  ##     ##  ######  ########

You're about to initialize a Firebase project in this directory:

  C:\Users\Luiz

Before we get started, keep in mind:

  * You are initializing within an existing Firebase project directory

[info] 
=== Project Setup
[info] 
[info] First, let's associate this project directory with a Firebase project.
[info] You can create multiple project aliases by running firebase use --add, 
[info] 
[debug] [2025-12-05T00:11:49.611Z] > command requires scopes: ["email","openid","https://www.googleapis.com/auth/cloudplatformprojects.readonly","https://www.googleapis.com/auth/firebase","https://www.googleapis.com/auth/cloud-platform"]
[debug] [2025-12-05T00:11:49.612Z] > authorizing via signed-in user (luizrosaleo123@gmail.com)
[debug] [2025-12-05T00:11:49.612Z] Checked if tokens are valid: true, expires at: 1764894474168
[debug] [2025-12-05T00:11:49.613Z] Checked if tokens are valid: true, expires at: 1764894474168
[debug] [2025-12-05T00:11:49.614Z] >>> [apiv2][query] GET https://firebase.googleapis.com/v1beta1/projects/fps-performance [none]
[debug] [2025-12-05T00:11:50.093Z] <<< [apiv2][status] GET https://firebase.googleapis.com/v1beta1/projects/fps-performance 200
[debug] [2025-12-05T00:11:50.093Z] <<< [apiv2][body] GET https://firebase.googleapis.com/v1beta1/projects/fps-performance {"projectId":"fps-performance","projectNumber":"146385084292","displayName":"fps-performance","name":"projects/fps-performance","resources":{"hostingSite":"fps-performance"},"state":"ACTIVE","etag":"1_9f2696c5-bdba-4608-9afb-f9a8ab64894d"}
[info] i  Using project fps-performance (fps-performance) . 
[info] 
=== Hosting Setup
[debug] [2025-12-05T00:11:50.102Z] Checked if tokens are valid: true, expires at: 1764894474168
[debug] [2025-12-05T00:11:50.102Z] Checked if tokens are valid: true, expires at: 1764894474168
[debug] [2025-12-05T00:11:50.102Z] >>> [apiv2][query] GET https://firebase.googleapis.com/v1beta1/projects/fps-performance [none]
[debug] [2025-12-05T00:11:50.405Z] <<< [apiv2][status] GET https://firebase.googleapis.com/v1beta1/projects/fps-performance 200
[debug] [2025-12-05T00:11:50.406Z] <<< [apiv2][body] GET https://firebase.googleapis.com/v1beta1/projects/fps-performance {"projectId":"fps-performance","projectNumber":"146385084292","displayName":"fps-performance","name":"projects/fps-performance","resources":{"hostingSite":"fps-performance"},"state":"ACTIVE","etag":"1_9f2696c5-bdba-4608-9afb-f9a8ab64894d"}
[info] 
[info] Your public directory is the folder (relative to your project directory) that
[info] will contain Hosting assets to be uploaded with firebase deploy. If you
[info] have a build process for your assets, use your build's output directory.
[info] 
